0 info it worked if it ends with ok
1 verbose cli [ 'node', '/usr/local/bin/npm', 'install', 'node-canvas' ]
2 info using npm@2.3.0
3 info using node@v0.10.35
4 verbose node symlink /usr/local/bin/node
5 warn package.json konin-app@1.0.0 No repository field.
6 warn package.json konin-app@1.0.0 No README data
7 silly cache add args [ 'node-canvas', null ]
8 verbose cache add spec node-canvas
9 silly cache add parsed spec { raw: 'node-canvas',
9 silly cache add   scope: null,
9 silly cache add   name: 'node-canvas',
9 silly cache add   rawSpec: '',
9 silly cache add   spec: '*',
9 silly cache add   type: 'range' }
10 verbose addNamed node-canvas@*
11 silly addNamed semver.valid null
12 silly addNamed semver.validRange *
13 silly addNameRange { name: 'node-canvas', range: '*', hasData: false }
14 silly mapToRegistry name node-canvas
15 silly mapToRegistry using default registry
16 silly mapToRegistry registry https://registry.npmjs.org/
17 silly mapToRegistry uri https://registry.npmjs.org/node-canvas
18 verbose addNameRange registry:https://registry.npmjs.org/node-canvas not in flight; fetching
19 verbose request uri https://registry.npmjs.org/node-canvas
20 verbose request no auth needed
21 info attempt registry request try #1 at 17:28:41
22 verbose request id aab58010f3f5fa74
23 http request GET https://registry.npmjs.org/node-canvas
24 http 404 https://registry.npmjs.org/node-canvas
25 verbose headers { 'content-type': 'application/json',
25 verbose headers   'cache-control': 'max-age=0',
25 verbose headers   'content-length': '2',
25 verbose headers   'accept-ranges': 'bytes',
25 verbose headers   date: 'Fri, 04 Sep 2015 08:28:42 GMT',
25 verbose headers   via: '1.1 varnish',
25 verbose headers   age: '0',
25 verbose headers   connection: 'keep-alive',
25 verbose headers   'x-served-by': 'cache-nrt6125-NRT',
25 verbose headers   'x-cache': 'MISS',
25 verbose headers   'x-cache-hits': '0',
25 verbose headers   'x-timer': 'S1441355321.547866,VS0,VE780' }
26 silly get cb [ 404,
26 silly get   { 'content-type': 'application/json',
26 silly get     'cache-control': 'max-age=0',
26 silly get     'content-length': '2',
26 silly get     'accept-ranges': 'bytes',
26 silly get     date: 'Fri, 04 Sep 2015 08:28:42 GMT',
26 silly get     via: '1.1 varnish',
26 silly get     age: '0',
26 silly get     connection: 'keep-alive',
26 silly get     'x-served-by': 'cache-nrt6125-NRT',
26 silly get     'x-cache': 'MISS',
26 silly get     'x-cache-hits': '0',
26 silly get     'x-timer': 'S1441355321.547866,VS0,VE780' } ]
27 verbose stack Error: Registry returned 404 for GET on https://registry.npmjs.org/node-canvas
27 verbose stack     at CachingRegistryClient.<anonymous> (/usr/local/lib/node_modules/npm/node_modules/npm-registry-client/lib/request.js:244:14)
27 verbose stack     at Request._callback (/usr/local/lib/node_modules/npm/node_modules/npm-registry-client/lib/request.js:178:14)
27 verbose stack     at Request.self.callback (/usr/local/lib/node_modules/npm/node_modules/request/request.js:373:22)
27 verbose stack     at Request.emit (events.js:98:17)
27 verbose stack     at Request.<anonymous> (/usr/local/lib/node_modules/npm/node_modules/request/request.js:1318:14)
27 verbose stack     at Request.emit (events.js:117:20)
27 verbose stack     at IncomingMessage.<anonymous> (/usr/local/lib/node_modules/npm/node_modules/request/request.js:1266:12)
27 verbose stack     at IncomingMessage.emit (events.js:117:20)
27 verbose stack     at _stream_readable.js:944:16
27 verbose stack     at process._tickCallback (node.js:442:13)
28 verbose statusCode 404
29 verbose pkgid node-canvas
30 verbose cwd /Users/dungntnew/vdev/konin-app
31 error Darwin 14.4.0
32 error argv "node" "/usr/local/bin/npm" "install" "node-canvas"
33 error node v0.10.35
34 error npm  v2.3.0
35 error code E404
36 error 404 Registry returned 404 for GET on https://registry.npmjs.org/node-canvas
36 error 404
36 error 404 'node-canvas' is not in the npm registry.
36 error 404 You should bug the author to publish it (or use the name yourself!)
36 error 404 It was specified as a dependency of 'konin-app'
36 error 404
36 error 404 Note that you can also install from a
36 error 404 tarball, folder, http url, or git url.
37 verbose exit [ 1, true ]
